This is pdfTeX, Version 3.1415926-2.5-1.40.14 (TeX Live 2013/Debian) (format=pdflatex 2015.10.20)  11 DEC 2015 15:07
entering extended mode
 restricted \write18 enabled.
 %&-line parsing enabled.
**pageDeGardeCode.tex
(./pageDeGardeCode.tex
LaTeX2e <2011/06/27>
Babel <3.9h> and hyphenation patterns for 2 languages loaded.

! LaTeX Error: Environment titlepage undefined.

See the LaTeX manual or LaTeX Companion for explanation.
Type  H <return>  for immediate help.
 ...                                              
                                                  
l.5 \begin{titlepage}
                     
Your command was ignored.
Type  I <command> <return>  to replace it with another command,
or  <return>  to continue without it.


! LaTeX Error: Missing \begin{document}.

See the LaTeX manual or LaTeX Companion for explanation.
Type  H <return>  for immediate help.
 ...                                              
                                                  
l.7   \begin{center}
                    
You're in trouble here.  Try typing  <return>  to proceed.
If that doesn't work, type  X <return>  to quit.

! Undefined control sequence.
l.9     \includegraphics
                        [scale=0.2]{logo.jpg}~\\[2cm]
The control sequence at the end of the top line
of your error message was never \def'ed. If you have
misspelled it (e.g., `\hobx'), type `I' and the correct
spelling (e.g., `I\hbox'). Otherwise just continue,
and I'll forget about whatever was undefined.


Overfull \hbox (79.25014pt too wide) in paragraph at lines 9--9
 \OT1/cmss/m/n/10 [scale=0.2]logo.jpg 
 []


LaTeX Font Warning: Font shape `OT1/cmss/m/sc' in size <10> not available
(Font)              Font shape `OT1/cmr/m/sc' tried instead on input line 11.

! Undefined control sequence.
<recently read> \LARGE 
                       
l.11     \textsc{\LARGE Universit√© de Nantes}
                                              \\
The control sequence at the end of the top line
of your error message was never \def'ed. If you have
misspelled it (e.g., `\hobx'), type `I' and the correct
spelling (e.g., `I\hbox'). Otherwise just continue,
and I'll forget about whatever was undefined.

Missing character: There is no √ in font cmcsc10!
Missing character: There is no © in font cmcsc10!

Overfull \hbox (48.53862pt too wide) in paragraph at lines 11--11
 []\OT1/cmr/m/sc/10 Universit 
 []


Overfull \hbox (11.82217pt too wide) in paragraph at lines 11--11
 \OT1/cmr/m/sc/10 de 
 []


Overfull \hbox (36.47202pt too wide) in paragraph at lines 11--11
 \OT1/cmr/m/sc/10 Nantes 
 []

! Undefined control sequence.
<recently read> \LARGE 
                       
l.12     \textsc{\LARGE  }
                          \\
The control sequence at the end of the top line
of your error message was never \def'ed. If you have
misspelled it (e.g., `\hobx'), type `I' and the correct
spelling (e.g., `I\hbox'). Otherwise just continue,
and I'll forget about whatever was undefined.

! Undefined control sequence.
<recently read> \Large 
                       
l.13 ...\textsc{\Large UFR Sciences et Techniques}
                                                  \\
The control sequence at the end of the top line
of your error message was never \def'ed. If you have
misspelled it (e.g., `\hobx'), type `I' and the correct
spelling (e.g., `I\hbox'). Otherwise just continue,
and I'll forget about whatever was undefined.


Overfull \hbox (23.26367pt too wide) in paragraph at lines 13--13
 []\OT1/cmr/m/sc/10 UFR 
 []


Overfull \hbox (18.82205pt too wide) in paragraph at lines 13--13
 \OT1/cmr/m/sc/10 Sci- 
 []


Overfull \hbox (27.77763pt too wide) in paragraph at lines 13--13
 \OT1/cmr/m/sc/10 ences 
 []


Overfull \hbox (11.48882pt too wide) in paragraph at lines 13--13
 \OT1/cmr/m/sc/10 et 
 []


Overfull \hbox (29.26091pt too wide) in paragraph at lines 13--13
 \OT1/cmr/m/sc/10 Tech- 
 []


Overfull \hbox (31.79987pt too wide) in paragraph at lines 13--13
 \OT1/cmr/m/sc/10 niques 
 []

! Undefined control sequence.
<recently read> \LARGE 
                       
l.14     \textsc{\LARGE  }
                          \\
The control sequence at the end of the top line
of your error message was never \def'ed. If you have
misspelled it (e.g., `\hobx'), type `I' and the correct
spelling (e.g., `I\hbox'). Otherwise just continue,
and I'll forget about whatever was undefined.

! Undefined control sequence.
<recently read> \LARGE 
                       
l.15     \textsc{\LARGE  }
                          \\
The control sequence at the end of the top line
of your error message was never \def'ed. If you have
misspelled it (e.g., `\hobx'), type `I' and the correct
spelling (e.g., `I\hbox'). Otherwise just continue,
and I'll forget about whatever was undefined.

! Undefined control sequence.
<recently read> \Large 
                       
l.16 ...grammation avanc√©es pour les biologistes}
                                                  \\
The control sequence at the end of the top line
of your error message was never \def'ed. If you have
misspelled it (e.g., `\hobx'), type `I' and the correct
spelling (e.g., `I\hbox'). Otherwise just continue,
and I'll forget about whatever was undefined.

Missing character: There is no √ in font cmcsc10!
Missing character: There is no © in font cmcsc10!

Overfull \hbox (75.68292pt too wide) in paragraph at lines 16--16
 []\OT1/cmr/m/sc/10 Algorithmique 
 []


Overfull \hbox (11.48882pt too wide) in paragraph at lines 16--16
 \OT1/cmr/m/sc/10 et 
 []


Overfull \hbox (21.51099pt too wide) in paragraph at lines 16--16
 \OT1/cmr/m/sc/10 pro- 
 []


Overfull \hbox (29.81096pt too wide) in paragraph at lines 16--16
 \OT1/cmr/m/sc/10 gram- 
 []


Overfull \hbox (17.37769pt too wide) in paragraph at lines 16--16
 \OT1/cmr/m/sc/10 ma- 
 []


Overfull \hbox (21.42212pt too wide) in paragraph at lines 16--16
 \OT1/cmr/m/sc/10 tion 
 []


Overfull \hbox (38.82207pt too wide) in paragraph at lines 16--16
 \OT1/cmr/m/sc/10 avances 
 []


Overfull \hbox (24.08879pt too wide) in paragraph at lines 16--16
 \OT1/cmr/m/sc/10 pour 
 []


Overfull \hbox (15.2888pt too wide) in paragraph at lines 16--16
 \OT1/cmr/m/sc/10 les 
 []


Overfull \hbox (12.59993pt too wide) in paragraph at lines 16--16
 \OT1/cmr/m/sc/10 bi- 
 []


Overfull \hbox (15.26657pt too wide) in paragraph at lines 16--16
 \OT1/cmr/m/sc/10 ol- 
 []


Overfull \hbox (10.13327pt too wide) in paragraph at lines 16--16
 \OT1/cmr/m/sc/10 o- 
 []


Overfull \hbox (30.0776pt too wide) in paragraph at lines 16--16
 \OT1/cmr/m/sc/10 gistes 
 []

! Undefined control sequence.
<recently read> \LARGE 
                       
l.17     \textsc{\LARGE  }
                          \\
The control sequence at the end of the top line
of your error message was never \def'ed. If you have
misspelled it (e.g., `\hobx'), type `I' and the correct
spelling (e.g., `I\hbox'). Otherwise just continue,
and I'll forget about whatever was undefined.

! Undefined control sequence.
<recently read> \Large 
                       
l.18 ...mes et m√©thodes pour la Bio-Informatique}
                                                  \\[1cm]
The control sequence at the end of the top line
of your error message was never \def'ed. If you have
misspelled it (e.g., `\hobx'), type `I' and the correct
spelling (e.g., `I\hbox'). Otherwise just continue,
and I'll forget about whatever was undefined.

Missing character: There is no √ in font cmcsc10!
Missing character: There is no © in font cmcsc10!

Overfull \hbox (64.74963pt too wide) in paragraph at lines 18--18
 []\OT1/cmr/m/sc/10 Algorithmes 
 []


Overfull \hbox (11.48882pt too wide) in paragraph at lines 18--18
 \OT1/cmr/m/sc/10 et 
 []


Overfull \hbox (23.28876pt too wide) in paragraph at lines 18--18
 \OT1/cmr/m/sc/10 mth- 
 []


Overfull \hbox (22.75546pt too wide) in paragraph at lines 18--18
 \OT1/cmr/m/sc/10 odes 
 []


Overfull \hbox (24.08879pt too wide) in paragraph at lines 18--18
 \OT1/cmr/m/sc/10 pour 
 []


Overfull \hbox (11.26662pt too wide) in paragraph at lines 18--18
 \OT1/cmr/m/sc/10 la 
 []


Overfull \hbox (20.86372pt too wide) in paragraph at lines 18--18
 \OT1/cmr/m/sc/10 Bio- 
 []


Overfull \hbox (67.63298pt too wide) in paragraph at lines 18--18
 \OT1/cmr/m/sc/10 Informatique 
 []

! Undefined control sequence.
l.22     { \huge
                 \bfseries Code Source du programme \\[0.4cm]
The control sequence at the end of the top line
of your error message was never \def'ed. If you have
misspelled it (e.g., `\hobx'), type `I' and the correct
spelling (e.g., `I\hbox'). Otherwise just continue,
and I'll forget about whatever was undefined.


Overfull \hbox (23.55566pt too wide) in paragraph at lines 22--22
 []\OT1/cmss/bx/n/10 Code 
 []


Overfull \hbox (30.9446pt too wide) in paragraph at lines 22--22
 \OT1/cmss/bx/n/10 Source 
 []


Overfull \hbox (11.22226pt too wide) in paragraph at lines 22--22
 \OT1/cmss/bx/n/10 du 
 []


Overfull \hbox (18.19453pt too wide) in paragraph at lines 22--22
 \OT1/cmss/bx/n/10 pro- 
 []


Overfull \hbox (36.91684pt too wide) in paragraph at lines 22--22
 \OT1/cmss/bx/n/10 gramme 
 []

! Undefined control sequence.
l.27      \includegraphics
                          [scale=0.7]{deco.png}~\\[2cm]
The control sequence at the end of the top line
of your error message was never \def'ed. If you have
misspelled it (e.g., `\hobx'), type `I' and the correct
spelling (e.g., `I\hbox'). Otherwise just continue,
and I'll forget about whatever was undefined.


Overfull \hbox (83.41678pt too wide) in paragraph at lines 27--27
 []\OT1/cmss/m/n/10 [scale=0.7]deco.png 
 []

! Undefined control sequence.
l.30       \begin{center} \large
                                
The control sequence at the end of the top line
of your error message was never \def'ed. If you have
misspelled it (e.g., `\hobx'), type `I' and the correct
spelling (e.g., `I\hbox'). Otherwise just continue,
and I'll forget about whatever was undefined.


Overfull \hbox (25.98616pt too wide) in paragraph at lines 31--31
 \OT1/cmss/m/n/10 Ulysse 
 []


Overfull \hbox (32.26926pt too wide) in paragraph at lines 31--31
 \OT1/cmr/m/sc/10 Guyet 
 []


Overfull \hbox (32.8056pt too wide) in paragraph at lines 32--32
 []\OT1/cmss/m/n/10 Jennifer 
 []


Overfull \hbox (53.2192pt too wide) in paragraph at lines 32--32
 \OT1/cmr/m/sc/10 Rondineau 
 []


Overfull \hbox (28.86119pt too wide) in paragraph at lines 33--33
 []\OT1/cmss/m/n/10 Master 
 []


Overfull \hbox (5.00002pt too wide) in paragraph at lines 33--33
 \OT1/cmss/m/n/10 2 
 []


Overfull \hbox (24.94447pt too wide) in paragraph at lines 33--33
 \OT1/cmss/m/n/10 Bioin- 
 []


Overfull \hbox (14.52782pt too wide) in paragraph at lines 33--33
 \OT1/cmss/m/n/10 for- 
 []


Overfull \hbox (16.08336pt too wide) in paragraph at lines 33--33
 \OT1/cmss/m/n/10 ma- 
 []


Overfull \hbox (20.77779pt too wide) in paragraph at lines 33--33
 \OT1/cmss/m/n/10 tique 
 []

! Undefined control sequence.
l.39     {\large
                 16 d√©cembre 2015}
The control sequence at the end of the top line
of your error message was never \def'ed. If you have
misspelled it (e.g., `\hobx'), type `I' and the correct
spelling (e.g., `I\hbox'). Otherwise just continue,
and I'll forget about whatever was undefined.

Missing character: There is no √ in font cmss10!
Missing character: There is no © in font cmss10!

Overfull \hbox (10.00003pt too wide) in paragraph at lines 39--40
 []\OT1/cmss/m/n/10 16 
 []


Overfull \hbox (25.33334pt too wide) in paragraph at lines 39--40
 \OT1/cmss/m/n/10 dcem- 
 []


Overfull \hbox (12.75002pt too wide) in paragraph at lines 39--40
 \OT1/cmss/m/n/10 bre 
 []


Overfull \hbox (20.00006pt too wide) in paragraph at lines 39--40
 \OT1/cmss/m/n/10 2015 
 []


! LaTeX Error: \begin{document} ended by \end{titlepage}.

See the LaTeX manual or LaTeX Companion for explanation.
Type  H <return>  for immediate help.
 ...                                              
                                                  
l.43 \end{titlepage}
                    
Your command was ignored.
Type  I <command> <return>  to replace it with another command,
or  <return>  to continue without it.

)
! Emergency stop.
<*> pageDeGardeCode.tex
                       
*** (job aborted, no legal \end found)

 
Here is how much of TeX's memory you used:
 20 strings out of 495028
 302 string characters out of 6181496
 47944 words of memory out of 5000000
 3327 multiletter control sequences out of 15000+600000
 4540 words of font info for 17 fonts, out of 8000000 for 9000
 14 hyphenation exceptions out of 8191
 17i,1n,12p,122b,158s stack positions out of 5000i,500n,10000p,200000b,80000s
!  ==> Fatal error occurred, no output PDF file produced!
